<?xml version="1.0" encoding="UTF-8"?>
<!-- Generated by org.testng.reporters.JUnitReportReporter -->
<testsuite hostname="LAPTOP-UJACL8U6" failures="0" tests="3" name="EndToEndEcommerceFramework.tests.SubmitOrder" time="51.538" errors="0" timestamp="2025-04-29T13:55:37 IST" skipped="0">
  <testcase classname="EndToEndEcommerceFramework.tests.SubmitOrder" name="submitOrder" time="24.806"/>
  <testcase classname="EndToEndEcommerceFramework.tests.SubmitOrder" name="validateOrder" time="4.954"/>
  <testcase classname="EndToEndEcommerceFramework.tests.SubmitOrder" name="submitOrder" time="21.778"/>
</testsuite> <!-- EndToEndEcommerceFramework.tests.SubmitOrder -->
