<?xml version="1.0" encoding="UTF-8"?>
<!-- Generated by org.testng.reporters.JUnitReportReporter -->
<testsuite hostname="LAPTOP-UJACL8U6" failures="0" tests="3" name="EndToEndEcommerceFramework.tests.SubmitOrder" time="40.700" errors="0" timestamp="2025-04-30T00:37:56 IST" skipped="0">
  <testcase classname="EndToEndEcommerceFramework.tests.SubmitOrder" name="submitOrder" time="15.012"/>
  <testcase classname="EndToEndEcommerceFramework.tests.SubmitOrder" name="validateOrder" time="11.482"/>
  <testcase classname="EndToEndEcommerceFramework.tests.SubmitOrder" name="submitOrder" time="14.206"/>
</testsuite> <!-- EndToEndEcommerceFramework.tests.SubmitOrder -->
