<?xml version="1.0" encoding="UTF-8"?>
<!-- Generated by org.testng.reporters.JUnitReportReporter -->
<testsuite hostname="LAPTOP-UJACL8U6" failures="0" tests="3" name="EndToEndEcommerceFramework.tests.SubmitOrder" time="38.781" errors="0" timestamp="2025-04-30T12:12:59 IST" skipped="0">
  <testcase classname="EndToEndEcommerceFramework.tests.SubmitOrder" name="submitOrder" time="17.111"/>
  <testcase classname="EndToEndEcommerceFramework.tests.SubmitOrder" name="submitOrder" time="15.565"/>
  <testcase classname="EndToEndEcommerceFramework.tests.SubmitOrder" name="validateOrder" time="6.105"/>
</testsuite> <!-- EndToEndEcommerceFramework.tests.SubmitOrder -->
